missing feat output 2: /data/projects/istart-eyeballs/derivatives/fsl/sub-1001/L1_task-doors_model-1_type-ppi_seed-eyeball_left_run-1_sm-5 
missing confounds: /data/projects/istart-eyeballs/derivatives/fsl/confounds/sub-1001/sub-1001_task-doors_run-2_desc-fslConfounds.tsv 
missing feat output 2: /data/projects/istart-eyeballs/derivatives/fsl/sub-1001/L1_task-doors_model-1_type-ppi_seed-eyeball_right_run-1_sm-5 
missing confounds: /data/projects/istart-eyeballs/derivatives/fsl/confounds/sub-1001/sub-1001_task-doors_run-2_desc-fslConfounds.tsv 
missing feat output 2: /data/projects/istart-eyeballs/derivatives/fsl/sub-1001/L1_task-socialdoors_model-1_type-ppi_seed-eyeball_left_run-1_sm-5 
missing confounds: /data/projects/istart-eyeballs/derivatives/fsl/confounds/sub-1001/sub-1001_task-socialdoors_run-2_desc-fslConfounds.tsv 
missing feat output 2: /data/projects/istart-eyeballs/derivatives/fsl/sub-1001/L1_task-socialdoors_model-1_type-ppi_seed-eyeball_right_run-1_sm-5 
missing confounds: /data/projects/istart-eyeballs/derivatives/fsl/confounds/sub-1001/sub-1001_task-socialdoors_run-2_desc-fslConfounds.tsv 
missing feat output 2: /data/projects/istart-eyeballs/derivatives/fsl/sub-1001/L1_task-mid_model-1_type-ppi_seed-eyeball_left_run-1_sm-5 
missing feat output 2: /data/projects/istart-eyeballs/derivatives/fsl/sub-1001/L1_task-mid_model-1_type-ppi_seed-eyeball_left_run-2_sm-5 
missing feat output 2: /data/projects/istart-eyeballs/derivatives/fsl/sub-1001/L1_task-mid_model-1_type-ppi_seed-eyeball_right_run-1_sm-5 
missing feat output 2: /data/projects/istart-eyeballs/derivatives/fsl/sub-1001/L1_task-mid_model-1_type-ppi_seed-eyeball_right_run-2_sm-5 
missing feat output 2: /data/projects/istart-eyeballs/derivatives/fsl/sub-1001/L1_task-sharedreward_model-1_type-ppi_seed-eyeball_left_run-1_sm-5 
missing feat output 2: /data/projects/istart-eyeballs/derivatives/fsl/sub-1001/L1_task-sharedreward_model-1_type-ppi_seed-eyeball_left_run-2_sm-5 
missing feat output 2: /data/projects/istart-eyeballs/derivatives/fsl/sub-1001/L1_task-sharedreward_model-1_type-ppi_seed-eyeball_right_run-1_sm-5 
missing feat output 2: /data/projects/istart-eyeballs/derivatives/fsl/sub-1001/L1_task-sharedreward_model-1_type-ppi_seed-eyeball_right_run-2_sm-5 
missing confounds: /data/projects/istart-eyeballs/derivatives/fsl/confounds/sub-1001/sub-1001_task-ugdg_run-1_desc-fslConfounds.tsv 
missing confounds: /data/projects/istart-eyeballs/derivatives/fsl/confounds/sub-1001/sub-1001_task-ugdg_run-2_desc-fslConfounds.tsv 
missing confounds: /data/projects/istart-eyeballs/derivatives/fsl/confounds/sub-1001/sub-1001_task-ugdg_run-1_desc-fslConfounds.tsv 
missing confounds: /data/projects/istart-eyeballs/derivatives/fsl/confounds/sub-1001/sub-1001_task-ugdg_run-2_desc-fslConfounds.tsv 
missing confounds: /data/projects/istart-eyeballs/derivatives/fsl/confounds/sub-1001/sub-1001_task-doors_run-2_desc-fslConfounds.tsv 
missing feat output 2: /data/projects/istart-eyeballs/derivatives/fsl/sub-1003/L1_task-doors_model-1_type-ppi_seed-eyeball_left_run-1_sm-5 
missing confounds: /data/projects/istart-eyeballs/derivatives/fsl/confounds/sub-1003/sub-1003_task-doors_run-2_desc-fslConfounds.tsv 
missing feat output 2: /data/projects/istart-eyeballs/derivatives/fsl/sub-1004/L1_task-doors_model-1_type-ppi_seed-eyeball_left_run-1_sm-5 
missing confounds: /data/projects/istart-eyeballs/derivatives/fsl/confounds/sub-1004/sub-1004_task-doors_run-2_desc-fslConfounds.tsv 
missing confounds: /data/projects/istart-eyeballs/derivatives/fsl/confounds/sub-1001/sub-1001_task-doors_run-2_desc-fslConfounds.tsv 
missing feat output 2: /data/projects/istart-eyeballs/derivatives/fsl/sub-1003/L1_task-doors_model-1_type-ppi_seed-eyeball_right_run-1_sm-5 
missing confounds: /data/projects/istart-eyeballs/derivatives/fsl/confounds/sub-1003/sub-1003_task-doors_run-2_desc-fslConfounds.tsv 
missing feat output 2: /data/projects/istart-eyeballs/derivatives/fsl/sub-1004/L1_task-doors_model-1_type-ppi_seed-eyeball_right_run-1_sm-5 
missing confounds: /data/projects/istart-eyeballs/derivatives/fsl/confounds/sub-1004/sub-1004_task-doors_run-2_desc-fslConfounds.tsv 
missing confounds: /data/projects/istart-eyeballs/derivatives/fsl/confounds/sub-1001/sub-1001_task-socialdoors_run-2_desc-fslConfounds.tsv 
missing feat output 2: /data/projects/istart-eyeballs/derivatives/fsl/sub-1003/L1_task-socialdoors_model-1_type-ppi_seed-eyeball_left_run-1_sm-5 
missing confounds: /data/projects/istart-eyeballs/derivatives/fsl/confounds/sub-1003/sub-1003_task-socialdoors_run-2_desc-fslConfounds.tsv 
missing feat output 2: /data/projects/istart-eyeballs/derivatives/fsl/sub-1004/L1_task-socialdoors_model-1_type-ppi_seed-eyeball_left_run-1_sm-5 
missing confounds: /data/projects/istart-eyeballs/derivatives/fsl/confounds/sub-1004/sub-1004_task-socialdoors_run-2_desc-fslConfounds.tsv 
missing confounds: /data/projects/istart-eyeballs/derivatives/fsl/confounds/sub-1001/sub-1001_task-socialdoors_run-2_desc-fslConfounds.tsv 
missing feat output 2: /data/projects/istart-eyeballs/derivatives/fsl/sub-1003/L1_task-socialdoors_model-1_type-ppi_seed-eyeball_right_run-1_sm-5 
missing confounds: /data/projects/istart-eyeballs/derivatives/fsl/confounds/sub-1003/sub-1003_task-socialdoors_run-2_desc-fslConfounds.tsv 
missing feat output 2: /data/projects/istart-eyeballs/derivatives/fsl/sub-1004/L1_task-socialdoors_model-1_type-ppi_seed-eyeball_right_run-1_sm-5 
missing confounds: /data/projects/istart-eyeballs/derivatives/fsl/confounds/sub-1004/sub-1004_task-socialdoors_run-2_desc-fslConfounds.tsv 
missing feat output 2: /data/projects/istart-eyeballs/derivatives/fsl/sub-1001/L1_task-mid_model-1_type-ppi_seed-eyeball_left_run-1_sm-5 
missing feat output 2: /data/projects/istart-eyeballs/derivatives/fsl/sub-1001/L1_task-mid_model-1_type-ppi_seed-eyeball_left_run-2_sm-5 
missing feat output 2: /data/projects/istart-eyeballs/derivatives/fsl/sub-1003/L1_task-mid_model-1_type-ppi_seed-eyeball_left_run-1_sm-5 
missing confounds: /data/projects/istart-eyeballs/derivatives/fsl/confounds/sub-1003/sub-1003_task-mid_run-2_desc-fslConfounds.tsv 
missing feat output 2: /data/projects/istart-eyeballs/derivatives/fsl/sub-1004/L1_task-mid_model-1_type-ppi_seed-eyeball_left_run-1_sm-5 
missing feat output 2: /data/projects/istart-eyeballs/derivatives/fsl/sub-1004/L1_task-mid_model-1_type-ppi_seed-eyeball_left_run-2_sm-5 
missing feat output 2: /data/projects/istart-eyeballs/derivatives/fsl/sub-1001/L1_task-mid_model-1_type-ppi_seed-eyeball_right_run-1_sm-5 
missing feat output 2: /data/projects/istart-eyeballs/derivatives/fsl/sub-1001/L1_task-mid_model-1_type-ppi_seed-eyeball_right_run-2_sm-5 
missing feat output 2: /data/projects/istart-eyeballs/derivatives/fsl/sub-1003/L1_task-mid_model-1_type-ppi_seed-eyeball_right_run-1_sm-5 
missing confounds: /data/projects/istart-eyeballs/derivatives/fsl/confounds/sub-1003/sub-1003_task-mid_run-2_desc-fslConfounds.tsv 
missing feat output 2: /data/projects/istart-eyeballs/derivatives/fsl/sub-1004/L1_task-mid_model-1_type-ppi_seed-eyeball_right_run-1_sm-5 
missing feat output 2: /data/projects/istart-eyeballs/derivatives/fsl/sub-1004/L1_task-mid_model-1_type-ppi_seed-eyeball_right_run-2_sm-5 
missing feat output 2: /data/projects/istart-eyeballs/derivatives/fsl/sub-1003/L1_task-sharedreward_model-1_type-ppi_seed-eyeball_left_run-1_sm-5 
missing confounds: /data/projects/istart-eyeballs/derivatives/fsl/confounds/sub-1003/sub-1003_task-sharedreward_run-2_desc-fslConfounds.tsv 
missing feat output 2: /data/projects/istart-eyeballs/derivatives/fsl/sub-1004/L1_task-sharedreward_model-1_type-ppi_seed-eyeball_left_run-1_sm-5 
missing feat output 2: /data/projects/istart-eyeballs/derivatives/fsl/sub-1004/L1_task-sharedreward_model-1_type-ppi_seed-eyeball_left_run-2_sm-5 
missing feat output 2: /data/projects/istart-eyeballs/derivatives/fsl/sub-1003/L1_task-sharedreward_model-1_type-ppi_seed-eyeball_right_run-1_sm-5 
missing confounds: /data/projects/istart-eyeballs/derivatives/fsl/confounds/sub-1003/sub-1003_task-sharedreward_run-2_desc-fslConfounds.tsv 
missing feat output 2: /data/projects/istart-eyeballs/derivatives/fsl/sub-1004/L1_task-sharedreward_model-1_type-ppi_seed-eyeball_right_run-1_sm-5 
missing feat output 2: /data/projects/istart-eyeballs/derivatives/fsl/sub-1004/L1_task-sharedreward_model-1_type-ppi_seed-eyeball_right_run-2_sm-5 
missing confounds: /data/projects/istart-eyeballs/derivatives/fsl/confounds/sub-1001/sub-1001_task-ugdg_run-1_desc-fslConfounds.tsv 
missing confounds: /data/projects/istart-eyeballs/derivatives/fsl/confounds/sub-1001/sub-1001_task-ugdg_run-2_desc-fslConfounds.tsv 
missing feat output 2: /data/projects/istart-eyeballs/derivatives/fsl/sub-1003/L1_task-ugdg_model-1_type-ppi_seed-eyeball_left_run-1_sm-5 
missing feat output 2: /data/projects/istart-eyeballs/derivatives/fsl/sub-1003/L1_task-ugdg_model-1_type-ppi_seed-eyeball_left_run-2_sm-5 
missing feat output 2: /data/projects/istart-eyeballs/derivatives/fsl/sub-1004/L1_task-ugdg_model-1_type-ppi_seed-eyeball_left_run-1_sm-5 
missing feat output 2: /data/projects/istart-eyeballs/derivatives/fsl/sub-1004/L1_task-ugdg_model-1_type-ppi_seed-eyeball_left_run-2_sm-5 
missing confounds: /data/projects/istart-eyeballs/derivatives/fsl/confounds/sub-1001/sub-1001_task-ugdg_run-1_desc-fslConfounds.tsv 
missing confounds: /data/projects/istart-eyeballs/derivatives/fsl/confounds/sub-1001/sub-1001_task-ugdg_run-2_desc-fslConfounds.tsv 
missing feat output 2: /data/projects/istart-eyeballs/derivatives/fsl/sub-1003/L1_task-ugdg_model-1_type-ppi_seed-eyeball_right_run-1_sm-5 
missing feat output 2: /data/projects/istart-eyeballs/derivatives/fsl/sub-1003/L1_task-ugdg_model-1_type-ppi_seed-eyeball_right_run-2_sm-5 
missing feat output 2: /data/projects/istart-eyeballs/derivatives/fsl/sub-1004/L1_task-ugdg_model-1_type-ppi_seed-eyeball_right_run-1_sm-5 
missing feat output 2: /data/projects/istart-eyeballs/derivatives/fsl/sub-1004/L1_task-ugdg_model-1_type-ppi_seed-eyeball_right_run-2_sm-5 
